  MathDLL.cpp
C:\Users\oroit\Desktop\tron\TronEngine\MathDLL.cpp(6,5): warning C4273: 'Addition' : liaison DLL incohérente
  (compiler le fichier source '/MathDLL.cpp')
      C:\Users\oroit\Desktop\tron\TronEngine\MathDLL.h(13,18):
      voir la définition précédente de « Addition »
  
C:\Users\oroit\Desktop\tron\TronEngine\MathDLL.cpp(10,5): warning C4273: 'Multiplication' : liaison DLL incohérente
  (compiler le fichier source '/MathDLL.cpp')
      C:\Users\oroit\Desktop\tron\TronEngine\MathDLL.h(14,18):
      voir la définition précédente de « Multiplication »
  
C:\Users\oroit\Desktop\tron\TronEngine\MathDLL.cpp(14,7): warning C4273: 'Division' : liaison DLL incohérente
  (compiler le fichier source '/MathDLL.cpp')
      C:\Users\oroit\Desktop\tron\TronEngine\MathDLL.h(15,20):
      voir la définition précédente de « Division »
  
C:\Users\oroit\Desktop\tron\TronEngine\MathDLL.cpp(21,13): warning C4273: 'GetDLLMessage' : liaison DLL incohérente
  (compiler le fichier source '/MathDLL.cpp')
      C:\Users\oroit\Desktop\tron\TronEngine\MathDLL.h(16,26):
      voir la définition précédente de « GetDLLMessage »
  
     Création de la bibliothèque C:\Users\oroit\Desktop\tron\TronEngine\x64\Release\TronEngine.lib et de l'objet C:\Users\oroit\Desktop\tron\TronEngine\x64\Release\TronEngine.exp
  Génération de code en cours
  Previous IPDB not found, fall back to full compilation.
  All 5 functions were compiled because no usable IPDB/IOBJ from previous compilation was found.
  Fin de la génération du code
  TronEngine.vcxproj -> C:\Users\oroit\Desktop\tron\TronEngine\x64\Release\TronEngine.dll
